[2.056s] DEBUG:colcon:Command line arguments: ['/usr/bin/colcon', 'build', '--symlink-install']
[2.057s] DEBUG:colcon:Parsed command line arguments: Namespace(log_base=None, log_level=None, verb_name='build', build_base='build', install_base='install', merge_install=False, symlink_install=True, test_result_base=None, continue_on_error=False, executor='parallel', parallel_workers=4, event_handlers=None, ignore_user_meta=False, metas=['./colcon.meta'], base_paths=['.'], packages_ignore=None, packages_ignore_regex=None, paths=None, packages_up_to=None, packages_up_to_regex=None, packages_above=None, packages_above_and_dependencies=None, packages_above_depth=None, packages_select_by_dep=None, packages_skip_by_dep=None, packages_skip_up_to=None, packages_select_build_failed=False, packages_skip_build_finished=False, packages_select_test_failures=False, packages_skip_test_passed=False, packages_select=None, packages_skip=None, packages_select_regex=None, packages_skip_regex=None, packages_start=None, packages_end=None, allow_overriding=[], cmake_args=None, cmake_target=None, cmake_target_skip_unavailable=False, cmake_clean_cache=False, cmake_clean_first=False, cmake_force_configure=False, ament_cmake_args=None, catkin_cmake_args=None, catkin_skip_building_tests=False, verb_parser=<colcon_defaults.argument_parser.defaults.DefaultArgumentsDecorator object at 0xffffaf2bffa0>, verb_extension=<colcon_core.verb.build.BuildVerb object at 0xffffaf2bfa30>, main=<bound method BuildVerb.main of <colcon_core.verb.build.BuildVerb object at 0xffffaf2bfa30>>)
[2.256s] Level 1:colcon.colcon_core.package_discovery:discover_packages(colcon_meta) check parameters
[2.256s] Level 1:colcon.colcon_core.package_discovery:discover_packages(recursive) check parameters
[2.256s] Level 1:colcon.colcon_core.package_discovery:discover_packages(ignore) check parameters
[2.256s] Level 1:colcon.colcon_core.package_discovery:discover_packages(path) check parameters
[2.256s] Level 1:colcon.colcon_core.package_discovery:discover_packages(colcon_meta) discover
[2.257s] Level 1:colcon.colcon_core.package_discovery:discover_packages(recursive) discover
[2.257s] INFO:colcon.colcon_core.package_discovery:Crawling recursively for packages in '/home/pi/ros2emli_ws'
[2.257s] Level 1:colcon.colcon_core.package_identification:_identify(.) by extensions ['ignore', 'ignore_ament_install']
[2.258s] Level 1:colcon.colcon_core.package_identification:_identify(.) by extension 'ignore'
[2.258s] Level 1:colcon.colcon_core.package_identification:_identify(.) by extension 'ignore_ament_install'
[2.258s] Level 1:colcon.colcon_core.package_identification:_identify(.) by extensions ['colcon_pkg']
[2.258s] Level 1:colcon.colcon_core.package_identification:_identify(.) by extension 'colcon_pkg'
[2.259s] Level 1:colcon.colcon_core.package_identification:_identify(.) by extensions ['colcon_meta']
[2.259s] Level 1:colcon.colcon_core.package_identification:_identify(.) by extension 'colcon_meta'
[2.259s] Level 1:colcon.colcon_core.package_identification:_identify(.) by extensions ['ros']
[2.259s] Level 1:colcon.colcon_core.package_identification:_identify(.) by extension 'ros'
[2.338s] Level 1:colcon.colcon_core.package_identification:_identify(.) by extensions ['cmake', 'python']
[2.338s] Level 1:colcon.colcon_core.package_identification:_identify(.) by extension 'cmake'
[2.338s] Level 1:colcon.colcon_core.package_identification:_identify(.) by extension 'python'
[2.338s] Level 1:colcon.colcon_core.package_identification:_identify(.) by extensions ['python_setup_py']
[2.339s] Level 1:colcon.colcon_core.package_identification:_identify(.) by extension 'python_setup_py'
[2.339s] Level 1:colcon.colcon_core.package_identification:_identify(build) by extensions ['ignore', 'ignore_ament_install']
[2.339s] Level 1:colcon.colcon_core.package_identification:_identify(build) by extension 'ignore'
[2.340s] Level 1:colcon.colcon_core.package_identification:_identify(build) ignored
[2.340s] Level 1:colcon.colcon_core.package_identification:_identify(install) by extensions ['ignore', 'ignore_ament_install']
[2.341s] Level 1:colcon.colcon_core.package_identification:_identify(install) by extension 'ignore'
[2.341s] Level 1:colcon.colcon_core.package_identification:_identify(install) ignored
[2.341s] Level 1:colcon.colcon_core.package_identification:_identify(log) by extensions ['ignore', 'ignore_ament_install']
[2.341s] Level 1:colcon.colcon_core.package_identification:_identify(log) by extension 'ignore'
[2.342s] Level 1:colcon.colcon_core.package_identification:_identify(log) ignored
[2.342s] Level 1:colcon.colcon_core.package_identification:_identify(src) by extensions ['ignore', 'ignore_ament_install']
[2.342s] Level 1:colcon.colcon_core.package_identification:_identify(src) by extension 'ignore'
[2.342s] Level 1:colcon.colcon_core.package_identification:_identify(src) by extension 'ignore_ament_install'
[2.343s] Level 1:colcon.colcon_core.package_identification:_identify(src) by extensions ['colcon_pkg']
[2.343s] Level 1:colcon.colcon_core.package_identification:_identify(src) by extension 'colcon_pkg'
[2.343s] Level 1:colcon.colcon_core.package_identification:_identify(src) by extensions ['colcon_meta']
[2.343s] Level 1:colcon.colcon_core.package_identification:_identify(src) by extension 'colcon_meta'
[2.343s] Level 1:colcon.colcon_core.package_identification:_identify(src) by extensions ['ros']
[2.343s] Level 1:colcon.colcon_core.package_identification:_identify(src) by extension 'ros'
[2.344s] Level 1:colcon.colcon_core.package_identification:_identify(src) by extensions ['cmake', 'python']
[2.344s] Level 1:colcon.colcon_core.package_identification:_identify(src) by extension 'cmake'
[2.344s] Level 1:colcon.colcon_core.package_identification:_identify(src) by extension 'python'
[2.344s] Level 1:colcon.colcon_core.package_identification:_identify(src) by extensions ['python_setup_py']
[2.344s] Level 1:colcon.colcon_core.package_identification:_identify(src) by extension 'python_setup_py'
[2.345s] Level 1:colcon.colcon_core.package_identification:_identify(src/ledcontrol) by extensions ['ignore', 'ignore_ament_install']
[2.345s] Level 1:colcon.colcon_core.package_identification:_identify(src/ledcontrol) by extension 'ignore'
[2.345s] Level 1:colcon.colcon_core.package_identification:_identify(src/ledcontrol) by extension 'ignore_ament_install'
[2.345s] Level 1:colcon.colcon_core.package_identification:_identify(src/ledcontrol) by extensions ['colcon_pkg']
[2.345s] Level 1:colcon.colcon_core.package_identification:_identify(src/ledcontrol) by extension 'colcon_pkg'
[2.346s] Level 1:colcon.colcon_core.package_identification:_identify(src/ledcontrol) by extensions ['colcon_meta']
[2.346s] Level 1:colcon.colcon_core.package_identification:_identify(src/ledcontrol) by extension 'colcon_meta'
[2.346s] Level 1:colcon.colcon_core.package_identification:_identify(src/ledcontrol) by extensions ['ros']
[2.346s] Level 1:colcon.colcon_core.package_identification:_identify(src/ledcontrol) by extension 'ros'
[2.361s] DEBUG:colcon.colcon_core.package_identification:Package 'src/ledcontrol' with type 'ros.ament_python' and name 'ledcontrol'
[2.362s] Level 1:colcon.colcon_core.package_identification:_identify(src/sensors) by extensions ['ignore', 'ignore_ament_install']
[2.362s] Level 1:colcon.colcon_core.package_identification:_identify(src/sensors) by extension 'ignore'
[2.362s] Level 1:colcon.colcon_core.package_identification:_identify(src/sensors) by extension 'ignore_ament_install'
[2.363s] Level 1:colcon.colcon_core.package_identification:_identify(src/sensors) by extensions ['colcon_pkg']
[2.363s] Level 1:colcon.colcon_core.package_identification:_identify(src/sensors) by extension 'colcon_pkg'
[2.363s] Level 1:colcon.colcon_core.package_identification:_identify(src/sensors) by extensions ['colcon_meta']
[2.363s] Level 1:colcon.colcon_core.package_identification:_identify(src/sensors) by extension 'colcon_meta'
[2.363s] Level 1:colcon.colcon_core.package_identification:_identify(src/sensors) by extensions ['ros']
[2.364s] Level 1:colcon.colcon_core.package_identification:_identify(src/sensors) by extension 'ros'
[2.367s] DEBUG:colcon.colcon_core.package_identification:Package 'src/sensors' with type 'ros.ament_python' and name 'sensors'
[2.368s] Level 1:colcon.colcon_core.package_discovery:discover_packages(recursive) using defaults
[2.368s] Level 1:colcon.colcon_core.package_discovery:discover_packages(ignore) discover
[2.368s] Level 1:colcon.colcon_core.package_discovery:discover_packages(ignore) using defaults
[2.368s] Level 1:colcon.colcon_core.package_discovery:discover_packages(path) discover
[2.368s] Level 1:colcon.colcon_core.package_discovery:discover_packages(path) using defaults
[2.509s] Level 1:colcon.colcon_core.package_discovery:discover_packages(prefix_path) check parameters
[2.509s] Level 1:colcon.colcon_core.package_discovery:discover_packages(prefix_path) discover
[2.529s] DEBUG:colcon.colcon_installed_package_information.package_discovery:Found 1 installed packages in /home/pi/ros2_ws/install
[2.534s] DEBUG:colcon.colcon_installed_package_information.package_discovery:Found 0 installed packages in /home/pi/ros2_ws/build/emli_package/build/lib/emli_package/install
[2.539s] DEBUG:colcon.colcon_installed_package_information.package_discovery:Found 2 installed packages in /home/pi/ros2emli_ws/install
[2.547s] DEBUG:colcon.colcon_installed_package_information.package_discovery:Found 181 installed packages in /opt/ros/humble
[2.552s] Level 1:colcon.colcon_core.package_discovery:discover_packages(prefix_path) using defaults
[2.724s] Level 5:colcon.colcon_core.verb:set package 'ledcontrol' build argument 'cmake_args' from command line to 'None'
[2.724s] Level 5:colcon.colcon_core.verb:set package 'ledcontrol' build argument 'cmake_target' from command line to 'None'
[2.724s] Level 5:colcon.colcon_core.verb:set package 'ledcontrol' build argument 'cmake_target_skip_unavailable' from command line to 'False'
[2.724s] Level 5:colcon.colcon_core.verb:set package 'ledcontrol' build argument 'cmake_clean_cache' from command line to 'False'
[2.724s] Level 5:colcon.colcon_core.verb:set package 'ledcontrol' build argument 'cmake_clean_first' from command line to 'False'
[2.724s] Level 5:colcon.colcon_core.verb:set package 'ledcontrol' build argument 'cmake_force_configure' from command line to 'False'
[2.725s] Level 5:colcon.colcon_core.verb:set package 'ledcontrol' build argument 'ament_cmake_args' from command line to 'None'
[2.725s] Level 5:colcon.colcon_core.verb:set package 'ledcontrol' build argument 'catkin_cmake_args' from command line to 'None'
[2.725s] Level 5:colcon.colcon_core.verb:set package 'ledcontrol' build argument 'catkin_skip_building_tests' from command line to 'False'
[2.725s] DEBUG:colcon.colcon_core.verb:Building package 'ledcontrol' with the following arguments: {'ament_cmake_args': None, 'build_base': '/home/pi/ros2emli_ws/build/ledcontrol', 'catkin_cmake_args': None, 'catkin_skip_building_tests': False, 'cmake_args': None, 'cmake_clean_cache': False, 'cmake_clean_first': False, 'cmake_force_configure': False, 'cmake_target': None, 'cmake_target_skip_unavailable': False, 'install_base': '/home/pi/ros2emli_ws/install/ledcontrol', 'merge_install': False, 'path': '/home/pi/ros2emli_ws/src/ledcontrol', 'symlink_install': True, 'test_result_base': None}
[2.729s] Level 5:colcon.colcon_core.verb:set package 'sensors' build argument 'cmake_args' from command line to 'None'
[2.729s] Level 5:colcon.colcon_core.verb:set package 'sensors' build argument 'cmake_target' from command line to 'None'
[2.729s] Level 5:colcon.colcon_core.verb:set package 'sensors' build argument 'cmake_target_skip_unavailable' from command line to 'False'
[2.729s] Level 5:colcon.colcon_core.verb:set package 'sensors' build argument 'cmake_clean_cache' from command line to 'False'
[2.729s] Level 5:colcon.colcon_core.verb:set package 'sensors' build argument 'cmake_clean_first' from command line to 'False'
[2.729s] Level 5:colcon.colcon_core.verb:set package 'sensors' build argument 'cmake_force_configure' from command line to 'False'
[2.729s] Level 5:colcon.colcon_core.verb:set package 'sensors' build argument 'ament_cmake_args' from command line to 'None'
[2.730s] Level 5:colcon.colcon_core.verb:set package 'sensors' build argument 'catkin_cmake_args' from command line to 'None'
[2.730s] Level 5:colcon.colcon_core.verb:set package 'sensors' build argument 'catkin_skip_building_tests' from command line to 'False'
[2.730s] DEBUG:colcon.colcon_core.verb:Building package 'sensors' with the following arguments: {'ament_cmake_args': None, 'build_base': '/home/pi/ros2emli_ws/build/sensors', 'catkin_cmake_args': None, 'catkin_skip_building_tests': False, 'cmake_args': None, 'cmake_clean_cache': False, 'cmake_clean_first': False, 'cmake_force_configure': False, 'cmake_target': None, 'cmake_target_skip_unavailable': False, 'install_base': '/home/pi/ros2emli_ws/install/sensors', 'merge_install': False, 'path': '/home/pi/ros2emli_ws/src/sensors', 'symlink_install': True, 'test_result_base': None}
[2.732s] INFO:colcon.colcon_core.executor:Executing jobs using 'parallel' executor
[2.744s] DEBUG:colcon.colcon_parallel_executor.executor.parallel:run_until_complete
[2.745s] INFO:colcon.colcon_ros.task.ament_python.build:Building ROS package in '/home/pi/ros2emli_ws/src/ledcontrol' with build type 'ament_python'
[2.746s] Level 1:colcon.colcon_core.shell:create_environment_hook('ledcontrol', 'ament_prefix_path')
[2.782s] INFO:colcon.colcon_core.plugin_system:Skipping extension 'colcon_core.shell.bat': Not used on non-Windows systems
[2.783s] INFO:colcon.colcon_core.shell:Creating environment hook '/home/pi/ros2emli_ws/install/ledcontrol/share/ledcontrol/hook/ament_prefix_path.ps1'
[2.787s] INFO:colcon.colcon_core.shell:Creating environment descriptor '/home/pi/ros2emli_ws/install/ledcontrol/share/ledcontrol/hook/ament_prefix_path.dsv'
[2.790s] INFO:colcon.colcon_core.shell:Creating environment hook '/home/pi/ros2emli_ws/install/ledcontrol/share/ledcontrol/hook/ament_prefix_path.sh'
[2.800s] INFO:colcon.colcon_core.shell:Skip shell extension 'powershell' for command environment: Not usable outside of PowerShell
[2.800s] DEBUG:colcon.colcon_core.shell:Skip shell extension 'dsv' for command environment
[2.832s] INFO:colcon.colcon_ros.task.ament_python.build:Building ROS package in '/home/pi/ros2emli_ws/src/sensors' with build type 'ament_python'
[2.832s] Level 1:colcon.colcon_core.shell:create_environment_hook('sensors', 'ament_prefix_path')
[2.839s] INFO:colcon.colcon_core.shell:Creating environment hook '/home/pi/ros2emli_ws/install/sensors/share/sensors/hook/ament_prefix_path.ps1'
[2.842s] INFO:colcon.colcon_core.shell:Creating environment descriptor '/home/pi/ros2emli_ws/install/sensors/share/sensors/hook/ament_prefix_path.dsv'
[2.844s] INFO:colcon.colcon_core.shell:Creating environment hook '/home/pi/ros2emli_ws/install/sensors/share/sensors/hook/ament_prefix_path.sh'
[2.851s] INFO:colcon.colcon_core.shell:Skip shell extension 'powershell' for command environment: Not usable outside of PowerShell
[2.851s] DEBUG:colcon.colcon_core.shell:Skip shell extension 'dsv' for command environment
[3.987s] INFO:colcon.colcon_core.task.python.build:Building Python package in '/home/pi/ros2emli_ws/src/ledcontrol'
[3.992s] INFO:colcon.colcon_core.shell:Skip shell extension 'powershell' for command environment: Not usable outside of PowerShell
[3.992s] DEBUG:colcon.colcon_core.shell:Skip shell extension 'dsv' for command environment
[5.108s] INFO:colcon.colcon_core.task.python.build:Building Python package in '/home/pi/ros2emli_ws/src/sensors'
[5.113s] INFO:colcon.colcon_core.shell:Skip shell extension 'powershell' for command environment: Not usable outside of PowerShell
[5.113s] DEBUG:colcon.colcon_core.shell:Skip shell extension 'dsv' for command environment
[6.983s] DEBUG:colcon.colcon_core.event_handler.log_command:Invoking command in '/home/pi/ros2emli_ws/build/ledcontrol': PYTHONPATH=/home/pi/ros2emli_ws/build/ledcontrol/prefix_override:/home/pi/ros2emli_ws/install/ledcontrol/lib/python3.10/site-packages:${PYTHONPATH} /usr/bin/python3 setup.py develop --editable --build-directory /home/pi/ros2emli_ws/build/ledcontrol/build --no-deps install_data
[7.008s] DEBUG:colcon.colcon_core.event_handler.log_command:Invoking command in '/home/pi/ros2emli_ws/build/sensors': PYTHONPATH=/home/pi/ros2emli_ws/build/sensors/prefix_override:/home/pi/ros2emli_ws/install/sensors/lib/python3.10/site-packages:${PYTHONPATH} /usr/bin/python3 setup.py develop --editable --build-directory /home/pi/ros2emli_ws/build/sensors/build --no-deps install_data
[9.184s] Level 1:colcon.colcon_core.shell:create_environment_hook('ledcontrol', 'pythonpath_develop')
[9.193s] INFO:colcon.colcon_core.shell:Creating environment hook '/home/pi/ros2emli_ws/build/ledcontrol/share/ledcontrol/hook/pythonpath_develop.ps1'
[9.200s] DEBUG:colcon.colcon_core.event_handler.log_command:Invoked command in '/home/pi/ros2emli_ws/build/ledcontrol' returned '0': PYTHONPATH=/home/pi/ros2emli_ws/build/ledcontrol/prefix_override:/home/pi/ros2emli_ws/install/ledcontrol/lib/python3.10/site-packages:${PYTHONPATH} /usr/bin/python3 setup.py develop --editable --build-directory /home/pi/ros2emli_ws/build/ledcontrol/build --no-deps install_data
[9.203s] INFO:colcon.colcon_core.shell:Creating environment descriptor '/home/pi/ros2emli_ws/build/ledcontrol/share/ledcontrol/hook/pythonpath_develop.dsv'
[9.204s] INFO:colcon.colcon_core.shell:Creating environment hook '/home/pi/ros2emli_ws/build/ledcontrol/share/ledcontrol/hook/pythonpath_develop.sh'
[9.255s] Level 1:colcon.colcon_core.environment:checking '/home/pi/ros2emli_ws/install/ledcontrol' for CMake module files
[9.259s] Level 1:colcon.colcon_core.environment:checking '/home/pi/ros2emli_ws/install/ledcontrol' for CMake config files
[9.262s] Level 1:colcon.colcon_core.environment:checking '/home/pi/ros2emli_ws/install/ledcontrol/lib'
[9.263s] Level 1:colcon.colcon_core.environment:checking '/home/pi/ros2emli_ws/install/ledcontrol/bin'
[9.264s] Level 1:colcon.colcon_core.environment:checking '/home/pi/ros2emli_ws/install/ledcontrol/lib/pkgconfig/ledcontrol.pc'
[9.265s] Level 1:colcon.colcon_core.environment:checking '/home/pi/ros2emli_ws/install/ledcontrol/lib/python3.10/site-packages'
[9.265s] Level 1:colcon.colcon_core.shell:create_environment_hook('ledcontrol', 'pythonpath')
[9.270s] INFO:colcon.colcon_core.shell:Creating environment hook '/home/pi/ros2emli_ws/install/ledcontrol/share/ledcontrol/hook/pythonpath.ps1'
[9.272s] INFO:colcon.colcon_core.shell:Creating environment descriptor '/home/pi/ros2emli_ws/install/ledcontrol/share/ledcontrol/hook/pythonpath.dsv'
[9.273s] INFO:colcon.colcon_core.shell:Creating environment hook '/home/pi/ros2emli_ws/install/ledcontrol/share/ledcontrol/hook/pythonpath.sh'
[9.275s] Level 1:colcon.colcon_core.environment:checking '/home/pi/ros2emli_ws/install/ledcontrol/bin'
[9.276s] Level 1:colcon.colcon_core.environment:create_environment_scripts_only(ledcontrol)
[9.281s] INFO:colcon.colcon_core.shell:Creating package script '/home/pi/ros2emli_ws/install/ledcontrol/share/ledcontrol/package.ps1'
[9.285s] INFO:colcon.colcon_core.shell:Creating package descriptor '/home/pi/ros2emli_ws/install/ledcontrol/share/ledcontrol/package.dsv'
[9.289s] INFO:colcon.colcon_core.shell:Creating package script '/home/pi/ros2emli_ws/install/ledcontrol/share/ledcontrol/package.sh'
[9.293s] INFO:colcon.colcon_core.shell:Creating package script '/home/pi/ros2emli_ws/install/ledcontrol/share/ledcontrol/package.bash'
[9.297s] INFO:colcon.colcon_core.shell:Creating package script '/home/pi/ros2emli_ws/install/ledcontrol/share/ledcontrol/package.zsh'
[9.302s] Level 1:colcon.colcon_core.environment:create_file_with_runtime_dependencies(/home/pi/ros2emli_ws/install/ledcontrol/share/colcon-core/packages/ledcontrol)
[9.306s] Level 1:colcon.colcon_core.shell:create_environment_hook('sensors', 'pythonpath_develop')
[9.312s] INFO:colcon.colcon_core.shell:Creating environment hook '/home/pi/ros2emli_ws/build/sensors/share/sensors/hook/pythonpath_develop.ps1'
[9.314s] DEBUG:colcon.colcon_core.event_handler.log_command:Invoked command in '/home/pi/ros2emli_ws/build/sensors' returned '0': PYTHONPATH=/home/pi/ros2emli_ws/build/sensors/prefix_override:/home/pi/ros2emli_ws/install/sensors/lib/python3.10/site-packages:${PYTHONPATH} /usr/bin/python3 setup.py develop --editable --build-directory /home/pi/ros2emli_ws/build/sensors/build --no-deps install_data
[9.315s] INFO:colcon.colcon_core.shell:Creating environment descriptor '/home/pi/ros2emli_ws/build/sensors/share/sensors/hook/pythonpath_develop.dsv'
[9.317s] INFO:colcon.colcon_core.shell:Creating environment hook '/home/pi/ros2emli_ws/build/sensors/share/sensors/hook/pythonpath_develop.sh'
[9.326s] Level 1:colcon.colcon_core.environment:checking '/home/pi/ros2emli_ws/install/sensors' for CMake module files
[9.329s] Level 1:colcon.colcon_core.environment:checking '/home/pi/ros2emli_ws/install/sensors' for CMake config files
[9.331s] Level 1:colcon.colcon_core.environment:checking '/home/pi/ros2emli_ws/install/sensors/lib'
[9.332s] Level 1:colcon.colcon_core.environment:checking '/home/pi/ros2emli_ws/install/sensors/bin'
[9.332s] Level 1:colcon.colcon_core.environment:checking '/home/pi/ros2emli_ws/install/sensors/lib/pkgconfig/sensors.pc'
[9.333s] Level 1:colcon.colcon_core.environment:checking '/home/pi/ros2emli_ws/install/sensors/lib/python3.10/site-packages'
[9.333s] Level 1:colcon.colcon_core.shell:create_environment_hook('sensors', 'pythonpath')
[9.338s] INFO:colcon.colcon_core.shell:Creating environment hook '/home/pi/ros2emli_ws/install/sensors/share/sensors/hook/pythonpath.ps1'
[9.340s] INFO:colcon.colcon_core.shell:Creating environment descriptor '/home/pi/ros2emli_ws/install/sensors/share/sensors/hook/pythonpath.dsv'
[9.341s] INFO:colcon.colcon_core.shell:Creating environment hook '/home/pi/ros2emli_ws/install/sensors/share/sensors/hook/pythonpath.sh'
[9.344s] Level 1:colcon.colcon_core.environment:checking '/home/pi/ros2emli_ws/install/sensors/bin'
[9.344s] Level 1:colcon.colcon_core.environment:create_environment_scripts_only(sensors)
[9.349s] INFO:colcon.colcon_core.shell:Creating package script '/home/pi/ros2emli_ws/install/sensors/share/sensors/package.ps1'
[9.352s] INFO:colcon.colcon_core.shell:Creating package descriptor '/home/pi/ros2emli_ws/install/sensors/share/sensors/package.dsv'
[9.354s] INFO:colcon.colcon_core.shell:Creating package script '/home/pi/ros2emli_ws/install/sensors/share/sensors/package.sh'
[9.356s] INFO:colcon.colcon_core.shell:Creating package script '/home/pi/ros2emli_ws/install/sensors/share/sensors/package.bash'
[9.357s] INFO:colcon.colcon_core.shell:Creating package script '/home/pi/ros2emli_ws/install/sensors/share/sensors/package.zsh'
[9.359s] Level 1:colcon.colcon_core.environment:create_file_with_runtime_dependencies(/home/pi/ros2emli_ws/install/sensors/share/colcon-core/packages/sensors)
[9.360s] DEBUG:colcon.colcon_parallel_executor.executor.parallel:closing loop
[9.361s] DEBUG:colcon.colcon_parallel_executor.executor.parallel:loop closed
[9.361s] DEBUG:colcon.colcon_parallel_executor.executor.parallel:run_until_complete finished with '0'
[9.361s] DEBUG:colcon.colcon_core.event_reactor:joining thread
[9.388s] INFO:colcon.colcon_core.plugin_system:Skipping extension 'colcon_notification.desktop_notification.terminal_notifier': Not used on non-Darwin systems
[9.388s] INFO:colcon.colcon_core.plugin_system:Skipping extension 'colcon_notification.desktop_notification.win32': Not used on non-Windows systems
[9.388s] INFO:colcon.colcon_notification.desktop_notification:Sending desktop notification using 'notify2'
[9.393s] DEBUG:colcon.colcon_notification.desktop_notification.notify2:Failed to initialize notify2: org.freedesktop.DBus.Error.ServiceUnknown: The name org.freedesktop.Notifications was not provided by any .service files
[9.394s] DEBUG:colcon.colcon_core.event_reactor:joined thread
[9.399s] INFO:colcon.colcon_core.shell:Creating prefix script '/home/pi/ros2emli_ws/install/local_setup.ps1'
[9.408s] INFO:colcon.colcon_core.shell:Creating prefix util module '/home/pi/ros2emli_ws/install/_local_setup_util_ps1.py'
[9.416s] INFO:colcon.colcon_core.shell:Creating prefix chain script '/home/pi/ros2emli_ws/install/setup.ps1'
[9.423s] INFO:colcon.colcon_core.shell:Creating prefix script '/home/pi/ros2emli_ws/install/local_setup.sh'
[9.426s] INFO:colcon.colcon_core.shell:Creating prefix util module '/home/pi/ros2emli_ws/install/_local_setup_util_sh.py'
[9.429s] INFO:colcon.colcon_core.shell:Creating prefix chain script '/home/pi/ros2emli_ws/install/setup.sh'
[9.436s] INFO:colcon.colcon_core.shell:Creating prefix script '/home/pi/ros2emli_ws/install/local_setup.bash'
[9.439s] INFO:colcon.colcon_core.shell:Creating prefix chain script '/home/pi/ros2emli_ws/install/setup.bash'
[9.445s] INFO:colcon.colcon_core.shell:Creating prefix script '/home/pi/ros2emli_ws/install/local_setup.zsh'
[9.450s] INFO:colcon.colcon_core.shell:Creating prefix chain script '/home/pi/ros2emli_ws/install/setup.zsh'
