running develop
running egg_info
creating ledcontrol.egg-info
writing ledcontrol.egg-info/PKG-INFO
writing dependency_links to ledcontrol.egg-info/dependency_links.txt
writing entry points to ledcontrol.egg-info/entry_points.txt
writing requirements to ledcontrol.egg-info/requires.txt
writing top-level names to ledcontrol.egg-info/top_level.txt
writing manifest file 'ledcontrol.egg-info/SOURCES.txt'
reading manifest file 'ledcontrol.egg-info/SOURCES.txt'
writing manifest file 'ledcontrol.egg-info/SOURCES.txt'
running build_ext
Creating /home/pi/ros2emli_ws/install/ledcontrol/lib/python3.10/site-packages/ledcontrol.egg-link (link to .)
Installing node script to /home/pi/ros2emli_ws/install/ledcontrol/lib/ledcontrol

Installed /home/pi/ros2emli_ws/build/ledcontrol
running install_data
creating /home/pi/ros2emli_ws/install/ledcontrol/share/ament_index
creating /home/pi/ros2emli_ws/install/ledcontrol/share/ament_index/resource_index
creating /home/pi/ros2emli_ws/install/ledcontrol/share/ament_index/resource_index/packages
copying resource/ledcontrol -> /home/pi/ros2emli_ws/install/ledcontrol/share/ament_index/resource_index/packages
copying package.xml -> /home/pi/ros2emli_ws/install/ledcontrol/share/ledcontrol
creating /home/pi/ros2emli_ws/install/ledcontrol/share/ledcontrol/launch
copying launch/led_launch.py -> /home/pi/ros2emli_ws/install/ledcontrol/share/ledcontrol/launch
