[3.975s] Invoking command in '/home/pi/ros2emli_ws/build/ledcontrol': PYTHONPATH=/home/pi/ros2emli_ws/build/ledcontrol/prefix_override:/home/pi/ros2emli_ws/install/ledcontrol/lib/python3.10/site-packages:${PYTHONPATH} /usr/bin/python3 setup.py develop --editable --build-directory /home/pi/ros2emli_ws/build/ledcontrol/build --no-deps install_data
[5.171s] running develop
[5.887s] running egg_info
[5.887s] creating ledcontrol.egg-info
[5.889s] writing ledcontrol.egg-info/PKG-INFO
[5.891s] writing dependency_links to ledcontrol.egg-info/dependency_links.txt
[5.892s] writing entry points to ledcontrol.egg-info/entry_points.txt
[5.892s] writing requirements to ledcontrol.egg-info/requires.txt
[5.893s] writing top-level names to ledcontrol.egg-info/top_level.txt
[5.894s] writing manifest file 'ledcontrol.egg-info/SOURCES.txt'
[5.898s] reading manifest file 'ledcontrol.egg-info/SOURCES.txt'
[5.902s] writing manifest file 'ledcontrol.egg-info/SOURCES.txt'
[5.909s] running build_ext
[5.909s] Creating /home/pi/ros2emli_ws/install/ledcontrol/lib/python3.10/site-packages/ledcontrol.egg-link (link to .)
[5.912s] Installing node script to /home/pi/ros2emli_ws/install/ledcontrol/lib/ledcontrol
[5.915s] 
[5.916s] Installed /home/pi/ros2emli_ws/build/ledcontrol
[5.917s] running install_data
[5.919s] creating /home/pi/ros2emli_ws/install/ledcontrol/share/ament_index
[5.919s] creating /home/pi/ros2emli_ws/install/ledcontrol/share/ament_index/resource_index
[5.920s] creating /home/pi/ros2emli_ws/install/ledcontrol/share/ament_index/resource_index/packages
[5.925s] copying resource/ledcontrol -> /home/pi/ros2emli_ws/install/ledcontrol/share/ament_index/resource_index/packages
[5.928s] copying package.xml -> /home/pi/ros2emli_ws/install/ledcontrol/share/ledcontrol
[5.934s] creating /home/pi/ros2emli_ws/install/ledcontrol/share/ledcontrol/launch
[5.937s] copying launch/led_launch.py -> /home/pi/ros2emli_ws/install/ledcontrol/share/ledcontrol/launch
[6.142s] Invoked command in '/home/pi/ros2emli_ws/build/ledcontrol' returned '0': PYTHONPATH=/home/pi/ros2emli_ws/build/ledcontrol/prefix_override:/home/pi/ros2emli_ws/install/ledcontrol/lib/python3.10/site-packages:${PYTHONPATH} /usr/bin/python3 setup.py develop --editable --build-directory /home/pi/ros2emli_ws/build/ledcontrol/build --no-deps install_data
